#
# There is insufficient memory for the Java Runtime Environment to continue.
# Native memory allocation (malloc) failed to allocate 32744 bytes for ChunkPool::allocate
# Possible reasons:
#   The system is out of physical RAM or swap space
#   In 32 bit mode, the process size limit was hit
# Possible solutions:
#   Reduce memory load on the system
#   Increase physical memory or swap space
#   Check if swap backing store is full
#   Use 64 bit Java on a 64 bit OS
#   Decrease Java heap size (-Xmx/-Xms)
#   Decrease number of Java threads
#   Decrease Java thread stack sizes (-Xss)
#   Set larger code cache with -XX:ReservedCodeCacheSize=
# This output file may be truncated or incomplete.
#
#  Out of Memory Error (allocation.cpp:273), pid=17072, tid=0x000000000000201c
#
# JRE version: Java(TM) SE Runtime Environment (8.0_181-b13) (build 1.8.0_181-b13)
# Java VM: Java HotSpot(TM) 64-Bit Server VM (25.181-b13 mixed mode windows-amd64 compressed oops)
# Failed to write core dump. Minidumps are not enabled by default on client versions of Windows
#

---------------  T H R E A D  ---------------

Current thread (0x0000000027f4f800):  JavaThread "C2 CompilerThread2" daemon [_thread_in_native, id=8220, stack(0x00000000296a0000,0x00000000297a0000)]

Stack: [0x00000000296a0000,0x00000000297a0000]
[error occurred during error reporting (printing stack bounds), id 0xc0000005]

Native frames: (J=compiled Java code, j=interpreted, Vv=VM code, C=native code)


Current CompileTask:
C2: 515870  691       4       java.util.Arrays::copyOf (46 bytes)


---------------  P R O C E S S  ---------------

Java Threads: ( => current thread )
  0x0000000029ec8000 JavaThread "TimerQueue" daemon [_thread_blocked, id=49472, stack(0x0000000037c70000,0x0000000037d70000)]
  0x0000000029cd6000 JavaThread "D3D Screen Updater" daemon [_thread_blocked, id=10120, stack(0x0000000034a20000,0x0000000034b20000)]
  0x0000000002f6e000 JavaThread "DestroyJavaVM" [_thread_blocked, id=34524, stack(0x0000000003370000,0x0000000003470000)]
  0x0000000029cbc000 JavaThread "AWT-EventQueue-0" [_thread_blocked, id=12968, stack(0x0000000034210000,0x0000000034310000)]
  0x0000000029bb8800 JavaThread "AWT-Windows" daemon [_thread_in_native, id=45420, stack(0x000000002a550000,0x000000002a650000)]
  0x0000000029bb8000 JavaThread "AWT-Shutdown" [_thread_blocked, id=16624, stack(0x000000002a450000,0x000000002a550000)]
  0x0000000029bb7800 JavaThread "Java2D Disposer" daemon [_thread_blocked, id=18132, stack(0x000000002a350000,0x000000002a450000)]
  0x0000000027fe5000 JavaThread "Service Thread" daemon [_thread_blocked, id=9356, stack(0x00000000298a0000,0x00000000299a0000)]
  0x0000000027f50000 JavaThread "C1 CompilerThread3" daemon [_thread_blocked, id=47924, stack(0x00000000297a0000,0x00000000298a0000)]
=>0x0000000027f4f800 JavaThread "C2 CompilerThread2" daemon [_thread_in_native, id=8220, stack(0x00000000296a0000,0x00000000297a0000)]
  0x0000000027f49800 JavaThread "C2 CompilerThread1" daemon [_thread_blocked, id=15544, stack(0x00000000295a0000,0x00000000296a0000)]
  0x0000000027f3c000 JavaThread "C2 CompilerThread0" daemon [_thread_blocked, id=10712, stack(0x00000000294a0000,0x00000000295a0000)]
  0x0000000027f37000 JavaThread "Attach Listener" daemon [_thread_blocked, id=28848, stack(0x00000000293a0000,0x00000000294a0000)]
  0x0000000027f35800 JavaThread "Signal Dispatcher" daemon [_thread_blocked, id=36176, stack(0x00000000292a0000,0x00000000293a0000)]
  0x0000000027ed3000 JavaThread "Finalizer" daemon [_thread_blocked, id=49680, stack(0x0000000029140000,0x0000000029240000)]
  0x00000000267dc800 JavaThread "Reference Handler" daemon [_thread_blocked, id=41228, stack(0x0000000029040000,0x0000000029140000)]

Other Threads:
  0x00000000267d6800 VMThread [stack: 0x0000000028f40000,0x0000000029040000] [id=49724]
  0x0000000027ff7800 WatcherThread [stack: 0x00000000299a0000,0x0000000029aa0000] [id=35484]

VM state:not at safepoint (normal execution)

VM Mutex/Monitor currently owned by a thread: None

Heap:
 PSYoungGen      total 153088K, used 39688K [0x0000000715b80000, 0x0000000720600000, 0x00000007c0000000)
  eden space 131584K, 30% used [0x0000000715b80000,0x00000007182421b8,0x000000071dc00000)
  from space 21504K, 0% used [0x000000071f100000,0x000000071f100000,0x0000000720600000)
  to   space 21504K, 0% used [0x000000071dc00000,0x000000071dc00000,0x000000071f100000)
 ParOldGen       total 349696K, used 0K [0x00000005c1200000, 0x00000005d6780000, 0x0000000715b80000)
  object space 349696K, 0% used [0x00000005c1200000,0x00000005c1200000,0x00000005d6780000)
 Metaspace       used 10284K, capacity 10414K, committed 10624K, reserved 1058816K
  class space    used 1296K, capacity 1355K, committed 1408K, reserved 1048576K

Card table byte_map: [0x0000000012930000,0x0000000013930000] byte_map_base: 0x000000000fb27000

Marking Bits: (ParMarkBitMap*) 0x0000000076252d00
 Begin Bits: [0x0000000014de0000, 0x000000001cd98000)
 End Bits:   [0x000000001cd98000, 0x0000000024d50000)

Polling page: 0x0000000002f50000

CodeCache: size=245760Kb used=2851Kb max_used=2853Kb free=242908Kb
 bounds [0x0000000003570000, 0x0000000003840000, 0x0000000012570000]
 total_blobs=1169 nmethods=690 adapters=392
 compilation: enabled

Compilation events (10 events):
Event: 4.536 Thread 0x0000000027f50000 nmethod 685 0x00000000038307d0 code [0x0000000003830920, 0x0000000003830a30]
Event: 4.536 Thread 0x0000000027f50000  686       3       java.awt.Component::getContainer (5 bytes)
Event: 4.536 Thread 0x0000000027f50000 nmethod 686 0x0000000003830410 code [0x0000000003830560, 0x0000000003830750]
Event: 15.692 Thread 0x0000000027f50000  687       3       java.util.ArrayList::toArray (60 bytes)
Event: 15.692 Thread 0x0000000027f50000 nmethod 687 0x00000000038352d0 code [0x0000000003835460, 0x0000000003835a18]
Event: 24.130 Thread 0x0000000027f50000  689       3       sun.java2d.StateTrackableDelegate$1::isCurrent (17 bytes)
Event: 24.130 Thread 0x0000000027f50000 nmethod 689 0x0000000003834f10 code [0x0000000003835060, 0x0000000003835230]
Event: 24.431 Thread 0x0000000027f50000  690       3       sun.java2d.d3d.D3DSurfaceData$D3DWindowSurfaceData::isDirty (18 bytes)
Event: 24.431 Thread 0x0000000027f50000 nmethod 690 0x0000000003834a50 code [0x0000000003834bc0, 0x0000000003834e48]
Event: 515.862 Thread 0x0000000027f4f800  691       4       java.util.Arrays::copyOf (46 bytes)

GC Heap History (0 events):
No events

Deoptimization events (1 events):
Event: 0.875 Thread 0x0000000029cbc000 Uncommon trap: reason=unstable_if action=reinterpret pc=0x00000000037ae00c method=java.awt.Component.inside(II)Z @ 13

Classes redefined (0 events):
No events

Internal exceptions (10 events):
Event: 0.022 Thread 0x0000000002f6e000 Exception <a 'java/lang/NoSuchMethodError': Method sun.misc.Unsafe.defineClass(Ljava/lang/String;[BII)Ljava/lang/Class; name or signature does not match> (0x0000000715b87cb0) thrown at [C:\re\workspace\8-2-build-windows-amd64-cygwin\jdk8u181\11358\hotspot
Event: 0.022 Thread 0x0000000002f6e000 Exception <a 'java/lang/NoSuchMethodError': Method sun.misc.Unsafe.prefetchRead(Ljava/lang/Object;J)V name or signature does not match> (0x0000000715b87f98) thrown at [C:\re\workspace\8-2-build-windows-amd64-cygwin\jdk8u181\11358\hotspot\src\share\vm\prim
Event: 0.069 Thread 0x0000000002f6e000 Exception <a 'java/security/PrivilegedActionException'> (0x0000000715c4a6b0) thrown at [C:\re\workspace\8-2-build-windows-amd64-cygwin\jdk8u181\11358\hotspot\src\share\vm\prims\jvm.cpp, line 1435]
Event: 0.069 Thread 0x0000000002f6e000 Exception <a 'java/security/PrivilegedActionException'> (0x0000000715c4aaa8) thrown at [C:\re\workspace\8-2-build-windows-amd64-cygwin\jdk8u181\11358\hotspot\src\share\vm\prims\jvm.cpp, line 1435]
Event: 0.069 Thread 0x0000000002f6e000 Exception <a 'java/security/PrivilegedActionException'> (0x0000000715c4e900) thrown at [C:\re\workspace\8-2-build-windows-amd64-cygwin\jdk8u181\11358\hotspot\src\share\vm\prims\jvm.cpp, line 1435]
Event: 0.069 Thread 0x0000000002f6e000 Exception <a 'java/security/PrivilegedActionException'> (0x0000000715c4ecf8) thrown at [C:\re\workspace\8-2-build-windows-amd64-cygwin\jdk8u181\11358\hotspot\src\share\vm\prims\jvm.cpp, line 1435]
Event: 0.075 Thread 0x0000000002f6e000 Exception <a 'java/io/FileNotFoundException'> (0x0000000715c590b0) thrown at [C:\re\workspace\8-2-build-windows-amd64-cygwin\jdk8u181\11358\hotspot\src\share\vm\prims\jni.cpp, line 709]
Event: 0.092 Thread 0x0000000002f6e000 Exception <a 'java/lang/NoSuchFieldError': method resolution failed> (0x0000000715d29aa0) thrown at [C:\re\workspace\8-2-build-windows-amd64-cygwin\jdk8u181\11358\hotspot\src\share\vm\prims\methodHandles.cpp, line 1167]
Event: 0.092 Thread 0x0000000002f6e000 Exception <a 'java/lang/NoSuchFieldError': method resolution failed> (0x0000000715d37240) thrown at [C:\re\workspace\8-2-build-windows-amd64-cygwin\jdk8u181\11358\hotspot\src\share\vm\prims\methodHandles.cpp, line 1167]
Event: 0.155 Thread 0x0000000002f6e000 Exception <a 'java/io/FileNotFoundException'> (0x0000000715dd6f58) thrown at [C:\re\workspace\8-2-build-windows-amd64-cygwin\jdk8u181\11358\hotspot\src\share\vm\prims\jni.cpp, line 709]

Events (10 events):
Event: 1.781 loading class Administrators done
Event: 2.541 loading class java/awt/LightweightDispatcher$2
Event: 2.541 loading class java/awt/LightweightDispatcher$2 done
Event: 4.095 Executing VM operation: EnableBiasedLocking
Event: 4.095 Executing VM operation: EnableBiasedLocking done
Event: 4.531 loading class java/awt/KeyboardFocusManager$2
Event: 4.531 loading class java/awt/KeyboardFocusManager$2 done
Event: 4.531 loading class sun/awt/SunToolkit$1
Event: 4.531 loading class sun/awt/SunToolkit$1 done
Event: 5.153 Thread 0x0000000029c19000 Thread exited: 0x0000000029c19000


Dynamic libraries:
0x00007ff73c1d0000 - 0x00007ff73c207000 	C:\Program Files\Java\jre1.8.0_181\bin\javaw.exe
0x00007fff8aaf0000 - 0x00007fff8acdd000 	C:\Windows\SYSTEM32\ntdll.dll
0x00007fff87d40000 - 0x00007fff87df3000 	C:\Windows\System32\KERNEL32.DLL
0x00007fff87830000 - 0x00007fff87ac3000 	C:\Windows\System32\KERNELBASE.dll
0x00007fff896e0000 - 0x00007fff89783000 	C:\Windows\System32\ADVAPI32.dll
0x00007fff87eb0000 - 0x00007fff87f4e000 	C:\Windows\System32\msvcrt.dll
0x00007fff8a730000 - 0x00007fff8a7ce000 	C:\Windows\System32\sechost.dll
0x00007fff87f70000 - 0x00007fff88093000 	C:\Windows\System32\RPCRT4.dll
0x00007fff8a260000 - 0x00007fff8a3f7000 	C:\Windows\System32\USER32.dll
0x00007fff87310000 - 0x00007fff87330000 	C:\Windows\System32\win32u.dll
0x00007fff896b0000 - 0x00007fff896d9000 	C:\Windows\System32\GDI32.dll
0x00007fff87350000 - 0x00007fff874ea000 	C:\Windows\System32\gdi32full.dll
0x00007fff87b00000 - 0x00007fff87ba0000 	C:\Windows\System32\msvcp_win.dll
0x00007fff874f0000 - 0x00007fff875ec000 	C:\Windows\System32\ucrtbase.dll
0x00007fff7b3d0000 - 0x00007fff7b649000 	C:\Windows\WinSxS\amd64_microsoft.windows.common-controls_6595b64144ccf1df_6.0.17763.55_none_bfabd67a2c8ec77e\COMCTL32.dll
0x00007fff89790000 - 0x00007fff89abe000 	C:\Windows\System32\combase.dll
0x00007fff87bf0000 - 0x00007fff87c6e000 	C:\Windows\System32\bcryptPrimitives.dll
0x00007fff8a570000 - 0x00007fff8a59e000 	C:\Windows\System32\IMM32.DLL
0x0000000075760000 - 0x0000000075832000 	C:\Program Files\Java\jre1.8.0_181\bin\msvcr100.dll
0x0000000075a30000 - 0x00000000762d2000 	C:\Program Files\Java\jre1.8.0_181\bin\server\jvm.dll
0x00007fff87f60000 - 0x00007fff87f68000 	C:\Windows\System32\PSAPI.DLL
0x00007fff82530000 - 0x00007fff82539000 	C:\Windows\SYSTEM32\WSOCK32.dll
0x00007fff8aa50000 - 0x00007fff8aabd000 	C:\Windows\System32\WS2_32.dll
0x00007fff83d90000 - 0x00007fff83db4000 	C:\Windows\SYSTEM32\WINMM.dll
0x00007fff81710000 - 0x00007fff8171a000 	C:\Windows\SYSTEM32\VERSION.dll
0x00007fff83900000 - 0x00007fff8392d000 	C:\Windows\SYSTEM32\winmmbase.dll
0x00007fff87ba0000 - 0x00007fff87bea000 	C:\Windows\System32\cfgmgr32.dll
0x0000000075940000 - 0x000000007594f000 	C:\Program Files\Java\jre1.8.0_181\bin\verify.dll
0x0000000075910000 - 0x0000000075939000 	C:\Program Files\Java\jre1.8.0_181\bin\java.dll
0x00000000758f0000 - 0x0000000075906000 	C:\Program Files\Java\jre1.8.0_181\bin\zip.dll
0x00007fff88160000 - 0x00007fff8964f000 	C:\Windows\System32\SHELL32.dll
0x00007fff89c20000 - 0x00007fff89cc8000 	C:\Windows\System32\shcore.dll
0x00007fff86bc0000 - 0x00007fff87308000 	C:\Windows\System32\windows.storage.dll
0x00007fff86b30000 - 0x00007fff86b54000 	C:\Windows\System32\profapi.dll
0x00007fff86b60000 - 0x00007fff86bbd000 	C:\Windows\System32\powrprof.dll
0x00007fff8a5a0000 - 0x00007fff8a5f2000 	C:\Windows\System32\shlwapi.dll
0x00007fff86af0000 - 0x00007fff86b01000 	C:\Windows\System32\kernel.appcore.dll
0x00007fff87330000 - 0x00007fff87347000 	C:\Windows\System32\cryptsp.dll
0x00000000755c0000 - 0x0000000075759000 	C:\Program Files\Java\jre1.8.0_181\bin\awt.dll
0x00007fff8a980000 - 0x00007fff8aa4b000 	C:\Windows\System32\OLEAUT32.dll
0x00007fff84eb0000 - 0x00007fff84f3c000 	C:\Windows\SYSTEM32\apphelp.dll
0x00007fff85140000 - 0x00007fff851dc000 	C:\Windows\system32\uxtheme.dll
0x00007fff8a400000 - 0x00007fff8a56a000 	C:\Windows\System32\MSCTF.dll
0x00007fff85450000 - 0x00007fff8547e000 	C:\Windows\system32\dwmapi.dll
0x00007fff87650000 - 0x00007fff8782b000 	C:\Windows\System32\CRYPT32.dll
0x00007fff86b10000 - 0x00007fff86b22000 	C:\Windows\System32\MSASN1.dll
0x00007fff89ac0000 - 0x00007fff89c15000 	C:\Windows\System32\ole32.dll
0x0000000075430000 - 0x0000000075461000 	C:\Program Files\Java\jre1.8.0_181\bin\jpeg.dll
0x00007fff59bb0000 - 0x00007fff59cd7000 	C:\Windows\system32\opengl32.dll
0x00007fff60500000 - 0x00007fff6052c000 	C:\Windows\SYSTEM32\GLU32.dll
0x00007fff7b7f0000 - 0x00007fff7b98e000 	C:\Windows\system32\d3d9.dll
0x00007fff81720000 - 0x00007fff8180b000 	C:\Windows\System32\DriverStore\FileRepository\nv_dispi.inf_amd64_040c7acb04cee565\nvldumdx.dll
0x00007fff875f0000 - 0x00007fff87648000 	C:\Windows\System32\WINTRUST.DLL
0x00007fff87d20000 - 0x00007fff87d3d000 	C:\Windows\System32\imagehlp.dll
0x00007fff85f40000 - 0x00007fff85f73000 	C:\Windows\system32\rsaenh.dll
0x00007fff87ad0000 - 0x00007fff87af6000 	C:\Windows\System32\bcrypt.dll
0x00007fff86550000 - 0x00007fff8655c000 	C:\Windows\SYSTEM32\CRYPTBASE.dll
0x00007fff24e90000 - 0x00007fff260c8000 	C:\Windows\System32\DriverStore\FileRepository\nv_dispi.inf_amd64_040c7acb04cee565\nvd3dumx.dll
0x00007fff7d030000 - 0x00007fff7d0f2000 	C:\Program Files (x86)\NVIDIA Corporation\3D Vision\nvSCPAPI64.dll
0x00007fff89cd0000 - 0x00007fff8a145000 	C:\Windows\System32\SETUPAPI.dll
0x00007fff631d0000 - 0x00007fff63458000 	C:\Windows\system32\nvspcap64.dll
0x00007fff85bc0000 - 0x00007fff85bf1000 	C:\Windows\SYSTEM32\ntmarta.dll
0x00007fff85800000 - 0x00007fff85822000 	C:\Windows\SYSTEM32\gpapi.dll
0x00007fff80480000 - 0x00007fff804af000 	C:\Windows\SYSTEM32\cryptnet.dll
0x0000000075570000 - 0x00000000755b7000 	C:\Program Files\Java\jre1.8.0_181\bin\fontmanager.dll
0x00000000758d0000 - 0x00000000758ea000 	C:\Program Files\Java\jre1.8.0_181\bin\net.dll
0x00007fff86380000 - 0x00007fff863e7000 	C:\Windows\system32\mswsock.dll
0x00000000758b0000 - 0x00000000758c1000 	C:\Program Files\Java\jre1.8.0_181\bin\nio.dll
0x00007fff87e00000 - 0x00007fff87ea2000 	C:\Windows\System32\clbcatq.dll
0x00007fff81df0000 - 0x00007fff81fa8000 	C:\Windows\SYSTEM32\WindowsCodecs.dll
0x00007fff730b0000 - 0x00007fff73106000 	C:\Windows\system32\dataexchange.dll
0x00007fff83dc0000 - 0x00007fff8403e000 	C:\Windows\system32\d3d11.dll
0x00007fff846d0000 - 0x00007fff84893000 	C:\Windows\system32\dcomp.dll
0x00007fff85880000 - 0x00007fff85942000 	C:\Windows\system32\dxgi.dll
0x00007fff85210000 - 0x00007fff8541d000 	C:\Windows\system32\twinapi.appcore.dll
0x00007fff85420000 - 0x00007fff85448000 	C:\Windows\system32\RMCLIENT.dll
0x00007fff79f80000 - 0x00007fff7a015000 	C:\Windows\System32\TextInputFramework.dll
0x00007fff82ac0000 - 0x00007fff82de2000 	C:\Windows\System32\CoreUIComponents.dll
0x00007fff84c50000 - 0x00007fff84d32000 	C:\Windows\System32\CoreMessaging.dll
0x00007fff82960000 - 0x00007fff82ab3000 	C:\Windows\SYSTEM32\wintypes.dll
0x0000000075520000 - 0x0000000075562000 	C:\Program Files\Java\jre1.8.0_181\bin\t2k.dll

VM Arguments:
jvm_args: -Dfile.encoding=GBK 
java_command: denglu
java_class_path (initial): C:\Users\User\Desktop\Project Workspace\SysteDesignSecurityProject\bin
Launcher Type: SUN_STANDARD

Environment Variables:
PATH=C:/Program Files/Java/jre1.8.0_181/bin/server;C:/Program Files/Java/jre1.8.0_181/bin;C:/Program Files/Java/jre1.8.0_181/lib/amd64;C:\Program Files\Haskell\bin;C:\Program Files\Haskell Platform\8.4.3\lib\extralibs\bin;C:\Program Files\Haskell Platform\8.4.3\bin;C:\Program Files (x86)\Common Files\Intel\Shared Libraries\redist\intel64\compiler;C:\Program Files (x86)\Common Files\Oracle\Java\javapath;C:\Windows\system32;C:\Windows;C:\Windows\System32\Wbem;C:\Windows\System32\WindowsPowerShell\v1.0\;C:\Windows\System32\OpenSSH\;C:\Program Files (x86)\NVIDIA Corporation\PhysX\Common;C:\Program Files\Microsoft VS Code\bin;C:\Program Files\Haskell Platform\8.4.3\mingw\bin;C:\Program Files\dotnet\;E:\d\opencv\build\x64\vc15\bin;E:\d\opencv\build\x64\vc14\bin;C:\Users\User\AppData\Roaming\cabal\bin;C:\Users\User\AppData\Roaming\local\bin;C:\Users\User\AppData\Local\Microsoft\WindowsApps;C:\Users\User\AppData\Local\atom\bin;C:\Windows\System32;
USERNAME=User
OS=Windows_NT
PROCESSOR_IDENTIFIER=Intel64 Family 6 Model 158 Stepping 10, GenuineIntel



---------------  S Y S T E M  ---------------

OS: Windows 10.0 , 64 bit Build 17763 (10.0.17763.1)

CPU:total 12 (initial active 12) (6 cores per cpu, 2 threads per core) family 6 model 158 stepping 10, cmov, cx8, fxsr, mmx, sse, sse2, sse3, ssse3, sse4.1, sse4.2, popcnt, avx, avx2, aes, clmul, erms, rtm, 3dnowpref, lzcnt, ht, tsc, tscinvbit, bmi1, bmi2, adx

Memory: 4k page, physical 33476988k(19918616k free), swap 64001528k(3348k free)

vm_info: Java HotSpot(TM) 64-Bit Server VM (25.181-b13) for windows-amd64 JRE (1.8.0_181-b13), built on Jul  7 2018 04:01:33 by "java_re" with MS VC++ 10.0 (VS2010)

time: Sun Oct 28 00:02:20 2018
elapsed time: 515 seconds (0d 0h 8m 35s)

