#
# There is insufficient memory for the Java Runtime Environment to continue.
# Native memory allocation (malloc) failed to allocate 1048576 bytes for AllocateHeap
# Possible reasons:
#   The system is out of physical RAM or swap space
#   In 32 bit mode, the process size limit was hit
# Possible solutions:
#   Reduce memory load on the system
#   Increase physical memory or swap space
#   Check if swap backing store is full
#   Use 64 bit Java on a 64 bit OS
#   Decrease Java heap size (-Xmx/-Xms)
#   Decrease number of Java threads
#   Decrease Java thread stack sizes (-Xss)
#   Set larger code cache with -XX:ReservedCodeCacheSize=
# This output file may be truncated or incomplete.
#
#  Out of Memory Error (memory/allocation.inline.hpp:61), pid=39576, tid=0x0000000000000544
#
# JRE version:  (8.0_181-b13) (build )
# Java VM: Java HotSpot(TM) 64-Bit Server VM (25.181-b13 mixed mode windows-amd64 compressed oops)
# Failed to write core dump. Minidumps are not enabled by default on client versions of Windows
#

---------------  T H R E A D  ---------------

Current thread (0x00000000035fe000):  JavaThread "Unknown thread" [_thread_in_vm, id=1348, stack(0x00000000034c0000,0x00000000035c0000)]

Stack: [0x00000000034c0000,0x00000000035c0000]
[error occurred during error reporting (printing stack bounds), id 0xc0000005]

Native frames: (J=compiled Java code, j=interpreted, Vv=VM code, C=native code)


---------------  P R O C E S S  ---------------

Java Threads: ( => current thread )

Other Threads:

=>0x00000000035fe000 (exited) JavaThread "Unknown thread" [_thread_in_vm, id=1348, stack(0x00000000034c0000,0x00000000035c0000)]

VM state:not at safepoint (normal execution)

VM Mutex/Monitor currently owned by a thread: None

Heap:
 PSYoungGen      total 153088K, used 2631K [0x0000000715b80000, 0x0000000720600000, 0x00000007c0000000)
  eden space 131584K, 2% used [0x0000000715b80000,0x0000000715e11ec8,0x000000071dc00000)
  from space 21504K, 0% used [0x000000071f100000,0x000000071f100000,0x0000000720600000)
  to   space 21504K, 0% used [0x000000071dc00000,0x000000071dc00000,0x000000071f100000)
 ParOldGen       total 349696K, used 0K [0x00000005c1200000, 0x00000005d6780000, 0x0000000715b80000)
  object space 349696K, 0% used [0x00000005c1200000,0x00000005c1200000,0x00000005d6780000)
 Metaspace       used 751K, capacity 4480K, committed 4480K, reserved 1056768K
  class space    used 76K, capacity 384K, committed 384K, reserved 1048576K

Card table byte_map: [0x0000000012ac0000,0x0000000013ac0000] byte_map_base: 0x000000000fcb7000

Marking Bits: (ParMarkBitMap*) 0x0000000076252d00
 Begin Bits: [0x0000000014f70000, 0x000000001cf28000)
 End Bits:   [0x000000001cf28000, 0x0000000024ee0000)

Polling page: 0x00000000030f0000

CodeCache: size=245760Kb used=328Kb max_used=328Kb free=245431Kb
 bounds [0x0000000003700000, 0x0000000003970000, 0x0000000012700000]
 total_blobs=58 nmethods=0 adapters=38
 compilation: enabled

Compilation events (0 events):
No events

GC Heap History (0 events):
No events

Deoptimization events (0 events):
No events

Classes redefined (0 events):
No events

Internal exceptions (0 events):
No events

Events (10 events):
Event: 0.018 loading class java/lang/Short
Event: 0.018 loading class java/lang/Short done
Event: 0.018 loading class java/lang/Integer
Event: 0.018 loading class java/lang/Integer done
Event: 0.018 loading class java/lang/Long
Event: 0.018 loading class java/lang/Long done
Event: 0.019 loading class java/lang/NullPointerException
Event: 0.019 loading class java/lang/NullPointerException done
Event: 0.019 loading class java/lang/ArithmeticException
Event: 0.019 loading class java/lang/ArithmeticException done


Dynamic libraries:
0x00007ff73c1d0000 - 0x00007ff73c207000 	C:\Program Files\Java\jre1.8.0_181\bin\javaw.exe
0x00007fff8aaf0000 - 0x00007fff8acdd000 	C:\Windows\SYSTEM32\ntdll.dll
0x00007fff87d40000 - 0x00007fff87df3000 	C:\Windows\System32\KERNEL32.DLL
0x00007fff87830000 - 0x00007fff87ac3000 	C:\Windows\System32\KERNELBASE.dll
0x00007fff896e0000 - 0x00007fff89783000 	C:\Windows\System32\ADVAPI32.dll
0x00007fff87eb0000 - 0x00007fff87f4e000 	C:\Windows\System32\msvcrt.dll
0x00007fff8a730000 - 0x00007fff8a7ce000 	C:\Windows\System32\sechost.dll
0x00007fff87f70000 - 0x00007fff88093000 	C:\Windows\System32\RPCRT4.dll
0x00007fff8a260000 - 0x00007fff8a3f7000 	C:\Windows\System32\USER32.dll
0x00007fff87310000 - 0x00007fff87330000 	C:\Windows\System32\win32u.dll
0x00007fff896b0000 - 0x00007fff896d9000 	C:\Windows\System32\GDI32.dll
0x00007fff87350000 - 0x00007fff874ea000 	C:\Windows\System32\gdi32full.dll
0x00007fff87b00000 - 0x00007fff87ba0000 	C:\Windows\System32\msvcp_win.dll
0x00007fff874f0000 - 0x00007fff875ec000 	C:\Windows\System32\ucrtbase.dll
0x00007fff7b3d0000 - 0x00007fff7b649000 	C:\Windows\WinSxS\amd64_microsoft.windows.common-controls_6595b64144ccf1df_6.0.17763.55_none_bfabd67a2c8ec77e\COMCTL32.dll
0x00007fff89790000 - 0x00007fff89abe000 	C:\Windows\System32\combase.dll
0x00007fff87bf0000 - 0x00007fff87c6e000 	C:\Windows\System32\bcryptPrimitives.dll
0x00007fff8a570000 - 0x00007fff8a59e000 	C:\Windows\System32\IMM32.DLL
0x0000000075760000 - 0x0000000075832000 	C:\Program Files\Java\jre1.8.0_181\bin\msvcr100.dll
0x0000000075a30000 - 0x00000000762d2000 	C:\Program Files\Java\jre1.8.0_181\bin\server\jvm.dll
0x00007fff87f60000 - 0x00007fff87f68000 	C:\Windows\System32\PSAPI.DLL
0x00007fff83d90000 - 0x00007fff83db4000 	C:\Windows\SYSTEM32\WINMM.dll
0x00007fff82530000 - 0x00007fff82539000 	C:\Windows\SYSTEM32\WSOCK32.dll
0x00007fff81710000 - 0x00007fff8171a000 	C:\Windows\SYSTEM32\VERSION.dll
0x00007fff8aa50000 - 0x00007fff8aabd000 	C:\Windows\System32\WS2_32.dll
0x00007fff83900000 - 0x00007fff8392d000 	C:\Windows\SYSTEM32\WINMMBASE.dll
0x00007fff87ba0000 - 0x00007fff87bea000 	C:\Windows\System32\cfgmgr32.dll
0x0000000075940000 - 0x000000007594f000 	C:\Program Files\Java\jre1.8.0_181\bin\verify.dll
0x0000000075910000 - 0x0000000075939000 	C:\Program Files\Java\jre1.8.0_181\bin\java.dll
0x00000000758f0000 - 0x0000000075906000 	C:\Program Files\Java\jre1.8.0_181\bin\zip.dll

VM Arguments:
jvm_args: -Dfile.encoding=GBK 
java_command: denglu
java_class_path (initial): I:\Project Workspace\SysteDesignSecurityProject\bin
Launcher Type: SUN_STANDARD

Environment Variables:
PATH=C:/Program Files/Java/jre1.8.0_181/bin/server;C:/Program Files/Java/jre1.8.0_181/bin;C:/Program Files/Java/jre1.8.0_181/lib/amd64;C:\Program Files\Haskell\bin;C:\Program Files\Haskell Platform\8.4.3\lib\extralibs\bin;C:\Program Files\Haskell Platform\8.4.3\bin;C:\Program Files (x86)\Common Files\Intel\Shared Libraries\redist\intel64\compiler;C:\Program Files (x86)\Common Files\Oracle\Java\javapath;C:\Windows\system32;C:\Windows;C:\Windows\System32\Wbem;C:\Windows\System32\WindowsPowerShell\v1.0\;C:\Windows\System32\OpenSSH\;C:\Program Files (x86)\NVIDIA Corporation\PhysX\Common;C:\Program Files\Microsoft VS Code\bin;C:\Program Files\Haskell Platform\8.4.3\mingw\bin;C:\Program Files\dotnet\;E:\d\opencv\build\x64\vc15\bin;E:\d\opencv\build\x64\vc14\bin;C:\Users\User\AppData\Roaming\cabal\bin;C:\Users\User\AppData\Roaming\local\bin;C:\Users\User\AppData\Local\Microsoft\WindowsApps;C:\Users\User\AppData\Local\atom\bin;C:\Windows\System32;
USERNAME=User
OS=Windows_NT
PROCESSOR_IDENTIFIER=Intel64 Family 6 Model 158 Stepping 10, GenuineIntel



---------------  S Y S T E M  ---------------

OS: Windows 10.0 , 64 bit Build 17763 (10.0.17763.1)

CPU:total 12 (initial active 12) (6 cores per cpu, 2 threads per core) family 6 model 158 stepping 10, cmov, cx8, fxsr, mmx, sse, sse2, sse3, ssse3, sse4.1, sse4.2, popcnt, avx, avx2, aes, clmul, erms, rtm, 3dnowpref, lzcnt, ht, tsc, tscinvbit, bmi1, bmi2, adx

Memory: 4k page, physical 33476988k(22607700k free), swap 64001528k(5876k free)

vm_info: Java HotSpot(TM) 64-Bit Server VM (25.181-b13) for windows-amd64 JRE (1.8.0_181-b13), built on Jul  7 2018 04:01:33 by "java_re" with MS VC++ 10.0 (VS2010)

time: Sat Oct 27 23:48:44 2018
elapsed time: 0 seconds (0d 0h 0m 0s)

